<?xml version="1.0" encoding="UTF-8"?>
<!-- Generated by org.testng.reporters.JUnitReportReporter -->
<testsuite hostname="dell-PC" name="testcases.CreateLeadTC" tests="1" failures="0" timestamp="11 Dec 2017 17:12:51 GMT" time="82.015" errors="0">
  <testcase name="createLeadTC" time="82.015" classname="testcases.CreateLeadTC"/>
</testsuite> <!-- testcases.CreateLeadTC -->
