<?xml version="1.0" encoding="UTF-8"?>
<!-- Generated by org.testng.reporters.JUnitReportReporter -->
<testsuite hostname="dell-PC" name="testcases.TC002_LoginNegative" tests="4" failures="0" timestamp="10 Dec 2017 07:09:21 GMT" time="61.816" errors="0">
  <testcase name="loginFail" time="15.158" classname="testcases.TC002_LoginNegative"/>
  <testcase name="loginFail" time="14.538" classname="testcases.TC002_LoginNegative"/>
  <testcase name="loginFail" time="16.715" classname="testcases.TC002_LoginNegative"/>
  <testcase name="loginFail" time="15.405" classname="testcases.TC002_LoginNegative"/>
</testsuite> <!-- testcases.TC002_LoginNegative -->
