<?xml version="1.0" encoding="UTF-8"?>
<!-- Generated by org.testng.reporters.JUnitReportReporter -->
<testsuite hostname="dell-PC" name="testcases.TC001_LoginLogOut" tests="2" failures="0" timestamp="10 Dec 2017 07:09:21 GMT" time="47.370" errors="0">
  <testcase name="logInLogOut" time="29.694" classname="testcases.TC001_LoginLogOut"/>
  <testcase name="logInLogOut" time="17.676" classname="testcases.TC001_LoginLogOut"/>
</testsuite> <!-- testcases.TC001_LoginLogOut -->
