<?xml version="1.0" encoding="UTF-8"?>
<!-- Generated by org.testng.reporters.JUnitReportReporter -->
<testsuite hostname="dell-PC" name="testcases.EditLeadTC" tests="1" failures="0" timestamp="19 Dec 2017 18:04:50 GMT" time="59.228" errors="0">
  <testcase name="createLeadTC" time="59.228" classname="testcases.EditLeadTC"/>
</testsuite> <!-- testcases.EditLeadTC -->
