<?xml version="1.0" encoding="UTF-8"?>
<!-- Generated by org.testng.reporters.JUnitReportReporter -->
<testsuite hostname="dell-PC" name="testcases.DeleteLeadTC" tests="1" failures="0" timestamp="20 Dec 2017 18:26:57 GMT" time="69.848" errors="0">
  <testcase name="duplicateLeadTC" time="69.848" classname="testcases.DeleteLeadTC"/>
</testsuite> <!-- testcases.DeleteLeadTC -->
