<?xml version="1.0" encoding="UTF-8"?>
<!-- Generated by org.testng.reporters.JUnitReportReporter -->
<testsuite hostname="dell-PC" name="testcases.DuplicateLeadTC" tests="1" failures="0" timestamp="12 Dec 2017 18:29:05 GMT" time="355.239" errors="0">
  <testcase name="duplicateLeadTC" time="355.239" classname="testcases.DuplicateLeadTC"/>
</testsuite> <!-- testcases.DuplicateLeadTC -->
